<?xml version="1.0" encoding="UTF-8"?>
<!-- Generated by org.testng.reporters.JUnitReportReporter -->
<testsuite hostname="Dgarvis" name="com.example.tests.AddressBookCreationTests" tests="2" failures="0" timestamp="16 Mar 2014 21:12:46 GMT" time="4.549" errors="0">
  <testcase name="testEmptyAddressBookCreation" time="2.005" classname="com.example.tests.AddressBookCreationTests"/>
  <testcase name="testNonEmptyAddressBookCreation" time="2.544" classname="com.example.tests.AddressBookCreationTests"/>
</testsuite> <!-- com.example.tests.AddressBookCreationTests -->
