<?xml version="1.0" encoding="UTF-8"?>
<!-- Generated by org.testng.reporters.JUnitReportReporter -->
<testsuite hostname="Dgarvis" name="com.example.tests.GroupCreationTests" tests="2" failures="0" timestamp="16 Mar 2014 21:12:46 GMT" time="2.853" errors="0">
  <testcase name="testNonEmptyGroupCreation" time="1.353" classname="com.example.tests.GroupCreationTests"/>
  <testcase name="testEmptyGroupCreation" time="1.500" classname="com.example.tests.GroupCreationTests"/>
</testsuite> <!-- com.example.tests.GroupCreationTests -->
