<?xml version="1.0" encoding="UTF-8"?>
<!-- Generated by org.testng.reporters.JUnitReportReporter -->
<testsuite hostname="Alexander" name="com.example.tests.GroupModificationTests" tests="1" failures="0" timestamp="23 Mar 2014 16:02:46 GMT" time="1.166" errors="0">
  <testcase name="modifySomeGroup" time="1.166" classname="com.example.tests.GroupModificationTests"/>
</testsuite> <!-- com.example.tests.GroupModificationTests -->
